time="2024-02-16T15:18:30+01:00" level=info msg="bin/podman filtering at log level debug"
time="2024-02-16T15:18:30+01:00" level=debug msg="Called run.PersistentPreRunE(bin/podman --log-level=debug --runtime /usr/bin/containerd-shim-kata-v2 run -it fedora bash)"
time="2024-02-16T15:18:30+01:00" level=debug msg="Using conmon: \"/usr/bin/conmon\""
time="2024-02-16T15:18:30+01:00" level=info msg="Using boltdb as database backend"
time="2024-02-16T15:18:30+01:00" level=debug msg="Initializing boltdb state at /home/ddd/.local/share/containers/storage/libpod/bolt_state.db"
time="2024-02-16T15:18:30+01:00" level=debug msg="systemd-logind: Unknown object '/'."
time="2024-02-16T15:18:30+01:00" level=debug msg="Using graph driver overlay"
time="2024-02-16T15:18:30+01:00" level=debug msg="Using graph root /home/ddd/.local/share/containers/storage"
time="2024-02-16T15:18:30+01:00" level=debug msg="Using run root /tmp/1026"
time="2024-02-16T15:18:30+01:00" level=debug msg="Using static dir /home/ddd/.local/share/containers/storage/libpod"
time="2024-02-16T15:18:30+01:00" level=debug msg="Using tmp dir /run/user/1026/libpod/tmp"
time="2024-02-16T15:18:30+01:00" level=debug msg="Using volume path /home/ddd/.local/share/containers/storage/volumes"
time="2024-02-16T15:18:30+01:00" level=debug msg="Using transient store: false"
time="2024-02-16T15:18:30+01:00" level=debug msg="[graphdriver] trying provided driver \"overlay\""
time="2024-02-16T15:18:30+01:00" level=debug msg="overlay: mount_program=/usr/bin/fuse-overlayfs"
time="2024-02-16T15:18:30+01:00" level=debug msg="overlay: mount_program=/usr/bin/fuse-overlayfs"
time="2024-02-16T15:18:30+01:00" level=debug msg="backingFs=btrfs, projectQuotaSupported=false, useNativeDiff=false, usingMetacopy=false"
time="2024-02-16T15:18:30+01:00" level=debug msg="Initializing event backend journald"
time="2024-02-16T15:18:30+01:00" level=debug msg="New OCI runtime named 'krun'"
time="2024-02-16T15:18:30+01:00" level=debug msg="Configured OCI runtime krun initialization failed: no valid executable found for OCI runtime krun: invalid argument"
time="2024-02-16T15:18:30+01:00" level=debug msg="New OCI runtime named 'crun'"
time="2024-02-16T15:18:30+01:00" level=debug msg="New OCI runtime named 'crun-wasm'"
time="2024-02-16T15:18:30+01:00" level=debug msg="Configured OCI runtime crun-wasm initialization failed: no valid executable found for OCI runtime crun-wasm: invalid argument"
time="2024-02-16T15:18:30+01:00" level=debug msg="New OCI runtime named 'runj'"
time="2024-02-16T15:18:30+01:00" level=debug msg="Configured OCI runtime runj initialization failed: no valid executable found for OCI runtime runj: invalid argument"
time="2024-02-16T15:18:30+01:00" level=debug msg="New OCI runtime named 'kata'"
time="2024-02-16T15:18:30+01:00" level=debug msg="New OCI runtime named 'youki'"
time="2024-02-16T15:18:30+01:00" level=debug msg="New OCI runtime named 'crun-vm'"
time="2024-02-16T15:18:30+01:00" level=debug msg="Configured OCI runtime crun-vm initialization failed: no valid executable found for OCI runtime crun-vm: invalid argument"
time="2024-02-16T15:18:30+01:00" level=debug msg="New OCI runtime named 'runc'"
time="2024-02-16T15:18:30+01:00" level=debug msg="New OCI runtime named 'runsc'"
time="2024-02-16T15:18:30+01:00" level=debug msg="Configured OCI runtime runsc initialization failed: no valid executable found for OCI runtime runsc: invalid argument"
time="2024-02-16T15:18:30+01:00" level=debug msg="New OCI runtime named 'ocijail'"
time="2024-02-16T15:18:30+01:00" level=debug msg="Configured OCI runtime ocijail initialization failed: no valid executable found for OCI runtime ocijail: invalid argument"
time="2024-02-16T15:18:30+01:00" level=debug msg="New OCI runtime named '/usr/bin/containerd-shim-kata-v2'"
time="2024-02-16T15:18:30+01:00" level=debug msg="Using OCI runtime \"/usr/bin/containerd-shim-kata-v2\""
time="2024-02-16T15:18:30+01:00" level=info msg="Setting parallel job count to 37"
time="2024-02-16T15:18:30+01:00" level=debug msg="Pulling image fedora (policy: missing)"
time="2024-02-16T15:18:30+01:00" level=debug msg="Looking up image \"fedora\" in local containers storage"
time="2024-02-16T15:18:30+01:00" level=debug msg="Normalized platform linux/amd64 to {amd64 linux  [] }"
time="2024-02-16T15:18:30+01:00" level=debug msg="Loading registries configuration \"/etc/containers/registries.conf\""
time="2024-02-16T15:18:30+01:00" level=debug msg="Loading registries configuration \"/etc/containers/registries.conf.d/000-shortnames.conf\""
time="2024-02-16T15:18:30+01:00" level=debug msg="Trying \"registry.fedoraproject.org/fedora:latest\" ..."
time="2024-02-16T15:18:30+01:00" level=debug msg="parsed reference into \"[overlay@/home/ddd/.local/share/containers/storage+/tmp/1026:overlay.mount_program=/usr/bin/fuse-overlayfs,overlay.mount_program=/usr/bin/fuse-overlayfs]@9f2a56037643a68ea81711a8eeb4501428eefd40b000c866ad9745a581c0464d\""
time="2024-02-16T15:18:30+01:00" level=debug msg="Found image \"fedora\" as \"registry.fedoraproject.org/fedora:latest\" in local containers storage"
time="2024-02-16T15:18:30+01:00" level=debug msg="Found image \"fedora\" as \"registry.fedoraproject.org/fedora:latest\" in local containers storage ([overlay@/home/ddd/.local/share/containers/storage+/tmp/1026:overlay.mount_program=/usr/bin/fuse-overlayfs,overlay.mount_program=/usr/bin/fuse-overlayfs]@9f2a56037643a68ea81711a8eeb4501428eefd40b000c866ad9745a581c0464d)"
time="2024-02-16T15:18:30+01:00" level=debug msg="exporting opaque data as blob \"sha256:9f2a56037643a68ea81711a8eeb4501428eefd40b000c866ad9745a581c0464d\""
time="2024-02-16T15:18:30+01:00" level=debug msg="Looking up image \"registry.fedoraproject.org/fedora:latest\" in local containers storage"
time="2024-02-16T15:18:30+01:00" level=debug msg="Normalized platform linux/amd64 to {amd64 linux  [] }"
time="2024-02-16T15:18:30+01:00" level=debug msg="Trying \"registry.fedoraproject.org/fedora:latest\" ..."
time="2024-02-16T15:18:30+01:00" level=debug msg="parsed reference into \"[overlay@/home/ddd/.local/share/containers/storage+/tmp/1026:overlay.mount_program=/usr/bin/fuse-overlayfs,overlay.mount_program=/usr/bin/fuse-overlayfs]@9f2a56037643a68ea81711a8eeb4501428eefd40b000c866ad9745a581c0464d\""
time="2024-02-16T15:18:30+01:00" level=debug msg="Found image \"registry.fedoraproject.org/fedora:latest\" as \"registry.fedoraproject.org/fedora:latest\" in local containers storage"
time="2024-02-16T15:18:30+01:00" level=debug msg="Found image \"registry.fedoraproject.org/fedora:latest\" as \"registry.fedoraproject.org/fedora:latest\" in local containers storage ([overlay@/home/ddd/.local/share/containers/storage+/tmp/1026:overlay.mount_program=/usr/bin/fuse-overlayfs,overlay.mount_program=/usr/bin/fuse-overlayfs]@9f2a56037643a68ea81711a8eeb4501428eefd40b000c866ad9745a581c0464d)"
time="2024-02-16T15:18:30+01:00" level=debug msg="exporting opaque data as blob \"sha256:9f2a56037643a68ea81711a8eeb4501428eefd40b000c866ad9745a581c0464d\""
time="2024-02-16T15:18:30+01:00" level=debug msg="Looking up image \"fedora\" in local containers storage"
time="2024-02-16T15:18:30+01:00" level=debug msg="Normalized platform linux/amd64 to {amd64 linux  [] }"
time="2024-02-16T15:18:30+01:00" level=debug msg="Trying \"registry.fedoraproject.org/fedora:latest\" ..."
time="2024-02-16T15:18:30+01:00" level=debug msg="parsed reference into \"[overlay@/home/ddd/.local/share/containers/storage+/tmp/1026:overlay.mount_program=/usr/bin/fuse-overlayfs,overlay.mount_program=/usr/bin/fuse-overlayfs]@9f2a56037643a68ea81711a8eeb4501428eefd40b000c866ad9745a581c0464d\""
time="2024-02-16T15:18:30+01:00" level=debug msg="Found image \"fedora\" as \"registry.fedoraproject.org/fedora:latest\" in local containers storage"
time="2024-02-16T15:18:30+01:00" level=debug msg="Found image \"fedora\" as \"registry.fedoraproject.org/fedora:latest\" in local containers storage ([overlay@/home/ddd/.local/share/containers/storage+/tmp/1026:overlay.mount_program=/usr/bin/fuse-overlayfs,overlay.mount_program=/usr/bin/fuse-overlayfs]@9f2a56037643a68ea81711a8eeb4501428eefd40b000c866ad9745a581c0464d)"
time="2024-02-16T15:18:30+01:00" level=debug msg="exporting opaque data as blob \"sha256:9f2a56037643a68ea81711a8eeb4501428eefd40b000c866ad9745a581c0464d\""
time="2024-02-16T15:18:30+01:00" level=debug msg="Inspecting image 9f2a56037643a68ea81711a8eeb4501428eefd40b000c866ad9745a581c0464d"
time="2024-02-16T15:18:30+01:00" level=debug msg="exporting opaque data as blob \"sha256:9f2a56037643a68ea81711a8eeb4501428eefd40b000c866ad9745a581c0464d\""
time="2024-02-16T15:18:30+01:00" level=debug msg="exporting opaque data as blob \"sha256:9f2a56037643a68ea81711a8eeb4501428eefd40b000c866ad9745a581c0464d\""
time="2024-02-16T15:18:30+01:00" level=debug msg="Inspecting image 9f2a56037643a68ea81711a8eeb4501428eefd40b000c866ad9745a581c0464d"
time="2024-02-16T15:18:30+01:00" level=debug msg="Inspecting image 9f2a56037643a68ea81711a8eeb4501428eefd40b000c866ad9745a581c0464d"
time="2024-02-16T15:18:30+01:00" level=debug msg="Inspecting image 9f2a56037643a68ea81711a8eeb4501428eefd40b000c866ad9745a581c0464d"
time="2024-02-16T15:18:30+01:00" level=debug msg="using systemd mode: false"
time="2024-02-16T15:18:30+01:00" level=debug msg="No hostname set; container's hostname will default to runtime default"
time="2024-02-16T15:18:30+01:00" level=debug msg="Loading seccomp profile from \"/usr/share/containers/seccomp.json\""
time="2024-02-16T15:18:30+01:00" level=debug msg="Allocated lock 31 for container 38f1fdf7f34392ac322838a3b29718c1a23da5b8ac53076e70ff9d809e8f2dee"
time="2024-02-16T15:18:30+01:00" level=debug msg="exporting opaque data as blob \"sha256:9f2a56037643a68ea81711a8eeb4501428eefd40b000c866ad9745a581c0464d\""
time="2024-02-16T15:18:30+01:00" level=debug msg="Created container \"38f1fdf7f34392ac322838a3b29718c1a23da5b8ac53076e70ff9d809e8f2dee\""
time="2024-02-16T15:18:30+01:00" level=debug msg="Container \"38f1fdf7f34392ac322838a3b29718c1a23da5b8ac53076e70ff9d809e8f2dee\" has work directory \"/home/ddd/.local/share/containers/storage/overlay-containers/38f1fdf7f34392ac322838a3b29718c1a23da5b8ac53076e70ff9d809e8f2dee/userdata\""
time="2024-02-16T15:18:30+01:00" level=debug msg="Container \"38f1fdf7f34392ac322838a3b29718c1a23da5b8ac53076e70ff9d809e8f2dee\" has run directory \"/tmp/1026/overlay-containers/38f1fdf7f34392ac322838a3b29718c1a23da5b8ac53076e70ff9d809e8f2dee/userdata\""
time="2024-02-16T15:18:30+01:00" level=debug msg="Handling terminal attach"
time="2024-02-16T15:18:30+01:00" level=info msg="Received shutdown.Stop(), terminating!" PID=389158
time="2024-02-16T15:18:30+01:00" level=debug msg="Enabling signal proxying"
time="2024-02-16T15:18:30+01:00" level=debug msg="overlay: mount_data=lowerdir=/home/ddd/.local/share/containers/storage/overlay/l/JOI4QL5JD3CAR3EHYHPVH3LEBR,upperdir=/home/ddd/.local/share/containers/storage/overlay/00ffaf91b303fd3d958245076d4739cfee8176a13f1b59b247f39527ddb13935/diff,workdir=/home/ddd/.local/share/containers/storage/overlay/00ffaf91b303fd3d958245076d4739cfee8176a13f1b59b247f39527ddb13935/work,context=\"system_u:object_r:container_file_t:s0:c369,c681\""
time="2024-02-16T15:18:30+01:00" level=debug msg="Made network namespace at /run/user/1026/netns/netns-f75afe0f-39c8-6325-d96d-f132059ffb1e for container 38f1fdf7f34392ac322838a3b29718c1a23da5b8ac53076e70ff9d809e8f2dee"
time="2024-02-16T15:18:30+01:00" level=debug msg="Mounted container \"38f1fdf7f34392ac322838a3b29718c1a23da5b8ac53076e70ff9d809e8f2dee\" at \"/home/ddd/.local/share/containers/storage/overlay/00ffaf91b303fd3d958245076d4739cfee8176a13f1b59b247f39527ddb13935/merged\""
time="2024-02-16T15:18:30+01:00" level=debug msg="slirp4netns command: /usr/bin/slirp4netns --disable-host-loopback --mtu=65520 --enable-sandbox --enable-seccomp --enable-ipv6 -c -r 3 -e 4 --netns-type=path /run/user/1026/netns/netns-f75afe0f-39c8-6325-d96d-f132059ffb1e tap0"
time="2024-02-16T15:18:30+01:00" level=debug msg="Created root filesystem for container 38f1fdf7f34392ac322838a3b29718c1a23da5b8ac53076e70ff9d809e8f2dee at /home/ddd/.local/share/containers/storage/overlay/00ffaf91b303fd3d958245076d4739cfee8176a13f1b59b247f39527ddb13935/merged"
time="2024-02-16T15:18:30+01:00" level=debug msg="/etc/system-fips does not exist on host, not mounting FIPS mode subscription"
time="2024-02-16T15:18:30+01:00" level=debug msg="Setting Cgroups for container 38f1fdf7f34392ac322838a3b29718c1a23da5b8ac53076e70ff9d809e8f2dee to user.slice:libpod:38f1fdf7f34392ac322838a3b29718c1a23da5b8ac53076e70ff9d809e8f2dee"
time="2024-02-16T15:18:30+01:00" level=debug msg="reading hooks from /usr/share/containers/oci/hooks.d"
time="2024-02-16T15:18:30+01:00" level=debug msg="Workdir \"/\" resolved to host path \"/home/ddd/.local/share/containers/storage/overlay/00ffaf91b303fd3d958245076d4739cfee8176a13f1b59b247f39527ddb13935/merged\""
time="2024-02-16T15:18:30+01:00" level=debug msg="Created OCI spec for container 38f1fdf7f34392ac322838a3b29718c1a23da5b8ac53076e70ff9d809e8f2dee at /home/ddd/.local/share/containers/storage/overlay-containers/38f1fdf7f34392ac322838a3b29718c1a23da5b8ac53076e70ff9d809e8f2dee/userdata/config.json"
time="2024-02-16T15:18:30+01:00" level=debug msg="running shim V2 binary: /usr/bin/containerd-shim-kata-v2" args="[-namespace  -address /tmp/1026/overlay-containers/38f1fdf7f34392ac322838a3b29718c1a23da5b8ac53076e70ff9d809e8f2dee/userdata/libpod.sock -publish-binary /home/ddd/Work/ociplex/containers/podman/bin/podman -debug]"
time="2024-02-16T15:18:30+01:00" level=info msg="Running shimV2 under slice user.slice and unitName libpod-shimV2-38f1fdf7f34392ac322838a3b29718c1a23da5b8ac53076e70ff9d809e8f2dee.scope"
time="2024-02-16T15:18:30+01:00" level=debug msg="Cleaning up container 38f1fdf7f34392ac322838a3b29718c1a23da5b8ac53076e70ff9d809e8f2dee"
time="2024-02-16T15:18:30+01:00" level=debug msg="Tearing down network namespace at /run/user/1026/netns/netns-f75afe0f-39c8-6325-d96d-f132059ffb1e for container 38f1fdf7f34392ac322838a3b29718c1a23da5b8ac53076e70ff9d809e8f2dee"
time="2024-02-16T15:18:30+01:00" level=debug msg="Unmounted container \"38f1fdf7f34392ac322838a3b29718c1a23da5b8ac53076e70ff9d809e8f2dee\""
time="2024-02-16T15:18:30+01:00" level=debug msg="ExitCode msg: \"shimv2 failed: exit status 1\""
Error: shimV2 failed: exit status 1
time="2024-02-16T15:18:30+01:00" level=debug msg="Shutting down engines"
